Array
(
    [oauth_token] => dG2vYAAAAAAA910LAAABbAiCJgU
    [oauth_token_secret] => X2E2mCGTq8Hyij4ngnplKDtZmgq0QIFv
    [_previous] => Array
        (
            [url] => http://localhost/login
        )

    [_flash] => Array
        (
            [old] => Array
                (
                )

            [new] => Array
                (
                )

        )

    [_token] => dN938DfuJcHDUSTVHOmY0Ffb497eMXCXjzqi1fnG
)

Array
(
    [_token] => oYywEEITATxJ2ddSSvKgWmSe9rGoIACK95LmE7Ti
)

Array
(
    [oauth_token] => 86Hx3QAAAAAA910LAAABbAiDDP4
    [oauth_token_secret] => kygqYcUT0txuzlmt4gjb7emGazw4C97Z
    [_previous] => Array
        (
            [url] => http://localhost
        )

    [_flash] => Array
        (
            [old] => Array
                (
                )

            [new] => Array
                (
                )

        )

    [_token] => dN938DfuJcHDUSTVHOmY0Ffb497eMXCXjzqi1fnG
)

Array
(
    [_token] => sEWIHeHtN75guyGEyRyXdIqDNKXWO3RMSMNSZgo4
)

pvG1lltSAB4IrI1KuldRSrs4CBtyfDvlMVkb2BzI
Array
(
    [oauth_token] => 7DN4lgAAAAAA910LAAABbAiG_Lk
    [oauth_token_secret] => otTvZ4GRNkb8pVeSdAYWjH8qIH3yZH2n
    [_previous] => Array
        (
            [url] => http://localhost/login
        )

    [_flash] => Array
        (
            [old] => Array
                (
                )

            [new] => Array
                (
                )

        )

    [_token] => dN938DfuJcHDUSTVHOmY0Ffb497eMXCXjzqi1fnG
)

gXTOQgW2oRDvY9UjWf7gGG7Q09yOVPkt3XzHcTmF
Array
(
    [_token] => pyH2jmuE9H59bqMkTiqUtjBP2jonxkvrSCtIgnZ4
)

pvG1lltSAB4IrI1KuldRSrs4CBtyfDvlMVkb2BzI
Array
(
    [oauth_token] => p6WgjQAAAAAA910LAAABbAiJlaw
    [oauth_token_secret] => pWDy9okslBO8YVjD9CS5RuCvfJSa9Mfh
    [_previous] => Array
        (
            [url] => http://localhost
        )

    [_flash] => Array
        (
            [old] => Array
                (
                )

            [new] => Array
                (
                )

        )

    [_token] => dN938DfuJcHDUSTVHOmY0Ffb497eMXCXjzqi1fnG
)

8eR6GVhdpCo8gqXLTyQXyjItpu1kPTKeDP15Rxov
Array
(
    [_token] => IiYaV2OjEjYYZOdmD1JiXkOuSxWK6AKaXDkaIM82
)

pvG1lltSAB4IrI1KuldRSrs4CBtyfDvlMVkb2BzI
Array
(
    [oauth_token] => wnN_pQAAAAAA910LAAABbAiL6mc
    [oauth_token_secret] => 6XaGM1ha1lMuCAaJEe5YeBTVEmeIr03t
    [_previous] => Array
        (
            [url] => http://localhost
        )

    [_flash] => Array
        (
            [old] => Array
                (
                )

            [new] => Array
                (
                )

        )

    [_token] => dN938DfuJcHDUSTVHOmY0Ffb497eMXCXjzqi1fnG
)

mjAuKoEpRp9B5eerNXMSokXqKBSeLdH438NDHiK3
Array
(
    [_token] => fAmQyErlev78mw7ra1BFfJt6BOxKhacnE8f0FLxJ
)

pvG1lltSAB4IrI1KuldRSrs4CBtyfDvlMVkb2BzI
Array
(
    [oauth_token] => zGDm9QAAAAAA910LAAABbAiUK6E
    [oauth_token_secret] => 0Zkyu1SnJuXyD4KHbIqB4jbHW78GUMlp
    [_previous] => Array
        (
            [url] => http://localhost
        )

    [_flash] => Array
        (
            [old] => Array
                (
                )

            [new] => Array
                (
                )

        )

    [_token] => dN938DfuJcHDUSTVHOmY0Ffb497eMXCXjzqi1fnG
)

lMJDp9SsUGRB2Boa6vyRQKCDVDwNkibLXtYlITpi
Array
(
    [_token] => IB3DWAISFm1wjNkS0pg2zQN2EmLdhpjy51TA9IDt
)

pvG1lltSAB4IrI1KuldRSrs4CBtyfDvlMVkb2BzI
Array
(
    [oauth_token] => zGDm9QAAAAAA910LAAABbAiUK6E
    [oauth_token_secret] => 0Zkyu1SnJuXyD4KHbIqB4jbHW78GUMlp
    [_previous] => Array
        (
            [url] => http://localhost/login
        )

    [_flash] => Array
        (
            [old] => Array
                (
                )

            [new] => Array
                (
                )

        )

    [_token] => dN938DfuJcHDUSTVHOmY0Ffb497eMXCXjzqi1fnG
)

CAsg9gWDatxjVgYChVCAlrI0qTEBhtX1d1vxJ3gN
Array
(
    [_token] => 8zA41Z0EiPNvZMXPxOzQWc7danDMkpCiO3DisnyS
)

9L4W5DrUlYA5ngh0WLllITpr69FU1e32qTi3MtjU
Array
(
    [_token] => evtfM9IgBydX9Jr4cE0eScs7WffcjKWcoK4h4Nig
    [_flash] => Array
        (
            [old] => Array
                (
                )

            [new] => Array
                (
                )

        )

    [oauth_token] => QL8LFgAAAAAA910LAAABbBnHYDY
    [oauth_token_secret] => ZgtpmItFQi08Jk1R6CPQK6MpbdqWVI5F
)

NYgrUrvJR6CpmEugWyyGSLiRU9pNW5Ws9B2Ims0r
Array
(
    [_token] => I4O1qHMjrKRQkGaBlYI4wsIHyfImRRQa9FakaZER
)

9L4W5DrUlYA5ngh0WLllITpr69FU1e32qTi3MtjU
Array
(
    [_token] => evtfM9IgBydX9Jr4cE0eScs7WffcjKWcoK4h4Nig
    [_flash] => Array
        (
            [old] => Array
                (
                )

            [new] => Array
                (
                )

        )

    [oauth_token] => mebwzQAAAAAA910LAAABbBnPgc4
    [oauth_token_secret] => ik3vGhkCNsGGIlGb2nxuZT8EHM7ShocW
    [_previous] => Array
        (
            [url] => http://localhost/login
        )

)

3FdDg7GXOVcxBmsqBMjQ0rhcFKIGPbwxlIo3Kc6H
Array
(
    [_token] => y4f6bZBZs3o0DQLBnIEB100gaPSFdF1vhgN4uRmT
)

